This is pdfTeX, Version 3.141592653-2.6-1.40.25 (TeX Live 2023) (preloaded format=pdflatex 2024.1.1)  12 DEC 2024 23:49
entering extended mode
 restricted \write18 enabled.
 %&-line parsing enabled.
**Bioprocess_Engineering.tex
(./Bioprocess_Engineering.tex
LaTeX2e <2023-11-01>
L3 programming layer <2023-12-11>
(/Users/claywright/Library/TinyTeX/texmf-dist/tex/latex/base/article.cls
Document Class: article 2023/05/17 v1.4n Standard LaTeX document class
(/Users/claywright/Library/TinyTeX/texmf-dist/tex/latex/base/size10.clo
File: size10.clo 2023/05/17 v1.4n Standard LaTeX file (size option)
)
\c@part=\count187
\c@section=\count188
\c@subsection=\count189
\c@subsubsection=\count190
\c@paragraph=\count191
\c@subparagraph=\count192
\c@figure=\count193
\c@table=\count194
\abovecaptionskip=\skip48
\belowcaptionskip=\skip49
\bibindent=\dimen140
) (/Users/claywright/Library/TinyTeX/texmf-dist/tex/latex/amsmath/amsmath.sty
Package: amsmath 2023/05/13 v2.17o AMS math features
\@mathmargin=\skip50
For additional information on amsmath, use the `?' option.
(/Users/claywright/Library/TinyTeX/texmf-dist/tex/latex/amsmath/amstext.sty
Package: amstext 2021/08/26 v2.01 AMS text
(/Users/claywright/Library/TinyTeX/texmf-dist/tex/latex/amsmath/amsgen.sty
File: amsgen.sty 1999/11/30 v2.0 generic functions
\@emptytoks=\toks17
\ex@=\dimen141
)) (/Users/claywright/Library/TinyTeX/texmf-dist/tex/latex/amsmath/amsbsy.sty
Package: amsbsy 1999/11/29 v1.2d Bold Symbols
\pmbraise@=\dimen142
) (/Users/claywright/Library/TinyTeX/texmf-dist/tex/latex/amsmath/amsopn.sty
Package: amsopn 2022/04/08 v2.04 operator names
)
\inf@bad=\count195
LaTeX Info: Redefining \frac on input line 234.
\uproot@=\count196
\leftroot@=\count197
LaTeX Info: Redefining \overline on input line 399.
LaTeX Info: Redefining \colon on input line 410.
\classnum@=\count198
\DOTSCASE@=\count199
LaTeX Info: Redefining \ldots on input line 496.
LaTeX Info: Redefining \dots on input line 499.
LaTeX Info: Redefining \cdots on input line 620.
\Mathstrutbox@=\box51
\strutbox@=\box52
LaTeX Info: Redefining \big on input line 722.
LaTeX Info: Redefining \Big on input line 723.
LaTeX Info: Redefining \bigg on input line 724.
LaTeX Info: Redefining \Bigg on input line 725.
\big@size=\dimen143
LaTeX Font Info:    Redeclaring font encoding OML on input line 743.
LaTeX Font Info:    Redeclaring font encoding OMS on input line 744.
\macc@depth=\count266
LaTeX Info: Redefining \bmod on input line 905.
LaTeX Info: Redefining \pmod on input line 910.
LaTeX Info: Redefining \smash on input line 940.
LaTeX Info: Redefining \relbar on input line 970.
LaTeX Info: Redefining \Relbar on input line 971.
\c@MaxMatrixCols=\count267
\dotsspace@=\muskip16
\c@parentequation=\count268
\dspbrk@lvl=\count269
\tag@help=\toks18
\row@=\count270
\column@=\count271
\maxfields@=\count272
\andhelp@=\toks19
\eqnshift@=\dimen144
\alignsep@=\dimen145
\tagshift@=\dimen146
\tagwidth@=\dimen147
\totwidth@=\dimen148
\lineht@=\dimen149
\@envbody=\toks20
\multlinegap=\skip51
\multlinetaggap=\skip52
\mathdisplay@stack=\toks21
LaTeX Info: Redefining \[ on input line 2953.
LaTeX Info: Redefining \] on input line 2954.
) (/Users/claywright/Library/TinyTeX/texmf-dist/tex/latex/amsfonts/amssymb.sty
Package: amssymb 2013/01/14 v3.01 AMS font symbols
(/Users/claywright/Library/TinyTeX/texmf-dist/tex/latex/amsfonts/amsfonts.sty
Package: amsfonts 2013/01/14 v3.01 Basic AMSFonts support
\symAMSa=\mathgroup4
\symAMSb=\mathgroup5
LaTeX Font Info:    Redeclaring math symbol \hbar on input line 98.
LaTeX Font Info:    Overwriting math alphabet `\mathfrak' in version `bold'
(Font)                  U/euf/m/n --> U/euf/b/n on input line 106.
)) (/Users/claywright/Library/TinyTeX/texmf-dist/tex/generic/iftex/iftex.sty
Package: iftex 2022/02/03 v1.0f TeX engine tests
) (/Users/claywright/Library/TinyTeX/texmf-dist/tex/latex/base/fontenc.sty
Package: fontenc 2021/04/29 v2.0v Standard LaTeX package
) (/Users/claywright/Library/TinyTeX/texmf-dist/tex/latex/base/inputenc.sty
Package: inputenc 2021/02/14 v1.3d Input encoding file
\inpenc@prehook=\toks22
\inpenc@posthook=\toks23
) (/Users/claywright/Library/TinyTeX/texmf-dist/tex/latex/base/textcomp.sty
Package: textcomp 2020/02/02 v2.0n Standard LaTeX package
) (/Users/claywright/Library/TinyTeX/texmf-dist/tex/latex/lm/lmodern.sty
Package: lmodern 2015/05/01 v1.6.1 Latin Modern Fonts
LaTeX Font Info:    Overwriting symbol font `operators' in version `normal'
(Font)                  OT1/cmr/m/n --> OT1/lmr/m/n on input line 22.
LaTeX Font Info:    Overwriting symbol font `letters' in version `normal'
(Font)                  OML/cmm/m/it --> OML/lmm/m/it on input line 23.
LaTeX Font Info:    Overwriting symbol font `symbols' in version `normal'
(Font)                  OMS/cmsy/m/n --> OMS/lmsy/m/n on input line 24.
LaTeX Font Info:    Overwriting symbol font `largesymbols' in version `normal'
(Font)                  OMX/cmex/m/n --> OMX/lmex/m/n on input line 25.
LaTeX Font Info:    Overwriting symbol font `operators' in version `bold'
(Font)                  OT1/cmr/bx/n --> OT1/lmr/bx/n on input line 26.
LaTeX Font Info:    Overwriting symbol font `letters' in version `bold'
(Font)                  OML/cmm/b/it --> OML/lmm/b/it on input line 27.
LaTeX Font Info:    Overwriting symbol font `symbols' in version `bold'
(Font)                  OMS/cmsy/b/n --> OMS/lmsy/b/n on input line 28.
LaTeX Font Info:    Overwriting symbol font `largesymbols' in version `bold'
(Font)                  OMX/cmex/m/n --> OMX/lmex/m/n on input line 29.
LaTeX Font Info:    Overwriting math alphabet `\mathbf' in version `normal'
(Font)                  OT1/cmr/bx/n --> OT1/lmr/bx/n on input line 31.
LaTeX Font Info:    Overwriting math alphabet `\mathsf' in version `normal'
(Font)                  OT1/cmss/m/n --> OT1/lmss/m/n on input line 32.
LaTeX Font Info:    Overwriting math alphabet `\mathit' in version `normal'
(Font)                  OT1/cmr/m/it --> OT1/lmr/m/it on input line 33.
LaTeX Font Info:    Overwriting math alphabet `\mathtt' in version `normal'
(Font)                  OT1/cmtt/m/n --> OT1/lmtt/m/n on input line 34.
LaTeX Font Info:    Overwriting math alphabet `\mathbf' in version `bold'
(Font)                  OT1/cmr/bx/n --> OT1/lmr/bx/n on input line 35.
LaTeX Font Info:    Overwriting math alphabet `\mathsf' in version `bold'
(Font)                  OT1/cmss/bx/n --> OT1/lmss/bx/n on input line 36.
LaTeX Font Info:    Overwriting math alphabet `\mathit' in version `bold'
(Font)                  OT1/cmr/bx/it --> OT1/lmr/bx/it on input line 37.
LaTeX Font Info:    Overwriting math alphabet `\mathtt' in version `bold'
(Font)                  OT1/cmtt/m/n --> OT1/lmtt/m/n on input line 38.
) (/Users/claywright/Library/TinyTeX/texmf-dist/tex/latex/upquote/upquote.sty
Package: upquote 2012/04/19 v1.3 upright-quote and grave-accent glyphs in verbatim
) (/Users/claywright/Library/TinyTeX/texmf-dist/tex/latex/microtype/microtype.sty
Package: microtype 2023/03/13 v3.1a Micro-typographical refinements (RS)
(/Users/claywright/Library/TinyTeX/texmf-dist/tex/latex/graphics/keyval.sty
Package: keyval 2022/05/29 v1.15 key=value parser (DPC)
\KV@toks@=\toks24
) (/Users/claywright/Library/TinyTeX/texmf-dist/tex/latex/etoolbox/etoolbox.sty
Package: etoolbox 2020/10/05 v2.5k e-TeX tools for LaTeX (JAW)
\etb@tempcnta=\count273
)
\MT@toks=\toks25
\MT@tempbox=\box53
\MT@count=\count274
LaTeX Info: Redefining \noprotrusionifhmode on input line 1059.
LaTeX Info: Redefining \leftprotrusion on input line 1060.
\MT@prot@toks=\toks26
LaTeX Info: Redefining \rightprotrusion on input line 1078.
LaTeX Info: Redefining \textls on input line 1368.
\MT@outer@kern=\dimen150
LaTeX Info: Redefining \textmicrotypecontext on input line 1988.
\MT@listname@count=\count275
(/Users/claywright/Library/TinyTeX/texmf-dist/tex/latex/microtype/microtype-pdftex.def
File: microtype-pdftex.def 2023/03/13 v3.1a Definitions specific to pdftex (RS)
LaTeX Info: Redefining \lsstyle on input line 902.
LaTeX Info: Redefining \lslig on input line 902.
\MT@outer@space=\skip53
)
Package microtype Info: Loading configuration file microtype.cfg.
(/Users/claywright/Library/TinyTeX/texmf-dist/tex/latex/microtype/microtype.cfg
File: microtype.cfg 2023/03/13 v3.1a microtype main configuration file (RS)
)) (/Users/claywright/Library/TinyTeX/texmf-dist/tex/latex/parskip/parskip.sty
Package: parskip 2021-03-14 v2.0h non-zero parskip adjustments
(/Users/claywright/Library/TinyTeX/texmf-dist/tex/latex/kvoptions/kvoptions.sty
Package: kvoptions 2022-06-15 v3.15 Key value format for package options (HO)
(/Users/claywright/Library/TinyTeX/texmf-dist/tex/generic/ltxcmds/ltxcmds.sty
Package: ltxcmds 2023-12-04 v1.26 LaTeX kernel commands for general use (HO)
) (/Users/claywright/Library/TinyTeX/texmf-dist/tex/latex/kvsetkeys/kvsetkeys.sty
Package: kvsetkeys 2022-10-05 v1.19 Key value parser (HO)
))) (/Users/claywright/Library/TinyTeX/texmf-dist/tex/latex/xcolor/xcolor.sty
Package: xcolor 2023/11/15 v3.01 LaTeX color extensions (UK)
(/Users/claywright/Library/TinyTeX/texmf-dist/tex/latex/graphics-cfg/color.cfg
File: color.cfg 2016/01/02 v1.6 sample color configuration
)
Package xcolor Info: Driver file: pdftex.def on input line 274.
(/Users/claywright/Library/TinyTeX/texmf-dist/tex/latex/graphics-def/pdftex.def
File: pdftex.def 2022/09/22 v1.2b Graphics/color driver for pdftex
) (/Users/claywright/Library/TinyTeX/texmf-dist/tex/latex/graphics/mathcolor.ltx)
Package xcolor Info: Model `cmy' substituted by `cmy0' on input line 1350.
Package xcolor Info: Model `hsb' substituted by `rgb' on input line 1354.
Package xcolor Info: Model `RGB' extended on input line 1366.
Package xcolor Info: Model `HTML' substituted by `rgb' on input line 1368.
Package xcolor Info: Model `Hsb' substituted by `hsb' on input line 1369.
Package xcolor Info: Model `tHsb' substituted by `hsb' on input line 1370.
Package xcolor Info: Model `HSB' substituted by `hsb' on input line 1371.
Package xcolor Info: Model `Gray' substituted by `gray' on input line 1372.
Package xcolor Info: Model `wave' substituted by `hsb' on input line 1373.
) (/Users/claywright/Library/TinyTeX/texmf-dist/tex/latex/geometry/geometry.sty
Package: geometry 2020/01/02 v5.9 Page Geometry
(/Users/claywright/Library/TinyTeX/texmf-dist/tex/generic/iftex/ifvtex.sty
Package: ifvtex 2019/10/25 v1.7 ifvtex legacy package. Use iftex instead.
)
\Gm@cnth=\count276
\Gm@cntv=\count277
\c@Gm@tempcnt=\count278
\Gm@bindingoffset=\dimen151
\Gm@wd@mp=\dimen152
\Gm@odd@mp=\dimen153
\Gm@even@mp=\dimen154
\Gm@layoutwidth=\dimen155
\Gm@layoutheight=\dimen156
\Gm@layouthoffset=\dimen157
\Gm@layoutvoffset=\dimen158
\Gm@dimlist=\toks27
) (/Users/claywright/Library/TinyTeX/texmf-dist/tex/latex/fancyvrb/fancyvrb.sty
Package: fancyvrb 2023/11/06 4.5b verbatim text (tvz,hv)
\FV@CodeLineNo=\count279
\FV@InFile=\read2
\FV@TabBox=\box54
\c@FancyVerbLine=\count280
\FV@StepNumber=\count281
\FV@OutFile=\write3
) (/Users/claywright/Library/TinyTeX/texmf-dist/tex/latex/framed/framed.sty
Package: framed 2011/10/22 v 0.96: framed or shaded text with page breaks
\OuterFrameSep=\skip54
\fb@frw=\dimen159
\fb@frh=\dimen160
\FrameRule=\dimen161
\FrameSep=\dimen162
) (/Users/claywright/Library/TinyTeX/texmf-dist/tex/latex/tools/longtable.sty
Package: longtable 2023-11-01 v4.19 Multi-page Table package (DPC)
\LTleft=\skip55
\LTright=\skip56
\LTpre=\skip57
\LTpost=\skip58
\LTchunksize=\count282
\LTcapwidth=\dimen163
\LT@head=\box55
\LT@firsthead=\box56
\LT@foot=\box57
\LT@lastfoot=\box58
\LT@gbox=\box59
\LT@cols=\count283
\LT@rows=\count284
\c@LT@tables=\count285
\c@LT@chunks=\count286
\LT@p@ftn=\toks28
) (/Users/claywright/Library/TinyTeX/texmf-dist/tex/latex/booktabs/booktabs.sty
Package: booktabs 2020/01/12 v1.61803398 Publication quality tables
\heavyrulewidth=\dimen164
\lightrulewidth=\dimen165
\cmidrulewidth=\dimen166
\belowrulesep=\dimen167
\belowbottomsep=\dimen168
\aboverulesep=\dimen169
\abovetopsep=\dimen170
\cmidrulesep=\dimen171
\cmidrulekern=\dimen172
\defaultaddspace=\dimen173
\@cmidla=\count287
\@cmidlb=\count288
\@aboverulesep=\dimen174
\@belowrulesep=\dimen175
\@thisruleclass=\count289
\@lastruleclass=\count290
\@thisrulewidth=\dimen176
) (/Users/claywright/Library/TinyTeX/texmf-dist/tex/latex/tools/array.sty
Package: array 2023/10/16 v2.5g Tabular extension package (FMi)
\col@sep=\dimen177
\ar@mcellbox=\box60
\extrarowheight=\dimen178
\NC@list=\toks29
\extratabsurround=\skip59
\backup@length=\skip60
\ar@cellbox=\box61
) (/Users/claywright/Library/TinyTeX/texmf-dist/tex/latex/tools/calc.sty
Package: calc 2023/07/08 v4.3 Infix arithmetic (KKT,FJ)
\calc@Acount=\count291
\calc@Bcount=\count292
\calc@Adimen=\dimen179
\calc@Bdimen=\dimen180
\calc@Askip=\skip61
\calc@Bskip=\skip62
LaTeX Info: Redefining \setlength on input line 80.
LaTeX Info: Redefining \addtolength on input line 81.
\calc@Ccount=\count293
\calc@Cskip=\skip63
) (/Users/claywright/Library/TinyTeX/texmf-dist/tex/latex/mdwtools/footnote.sty
Package: footnote 1997/01/28 1.13 Save footnotes around boxes
\fn@notes=\box62
\fn@width=\dimen181
) (/Users/claywright/Library/TinyTeX/texmf-dist/tex/latex/graphics/graphicx.sty
Package: graphicx 2021/09/16 v1.2d Enhanced LaTeX Graphics (DPC,SPQR)
(/Users/claywright/Library/TinyTeX/texmf-dist/tex/latex/graphics/graphics.sty
Package: graphics 2022/03/10 v1.4e Standard LaTeX Graphics (DPC,SPQR)
(/Users/claywright/Library/TinyTeX/texmf-dist/tex/latex/graphics/trig.sty
Package: trig 2021/08/11 v1.11 sin cos tan (DPC)
) (/Users/claywright/Library/TinyTeX/texmf-dist/tex/latex/graphics-cfg/graphics.cfg
File: graphics.cfg 2016/06/04 v1.11 sample graphics configuration
)
Package graphics Info: Driver file: pdftex.def on input line 107.
)
\Gin@req@height=\dimen182
\Gin@req@width=\dimen183
) (/Users/claywright/Library/TinyTeX/texmf-dist/tex/latex/mhchem/mhchem.sty
Package: mhchem 2021/12/31 v4.09 for typesetting chemical formulae
(/Users/claywright/Library/TinyTeX/texmf-dist/tex/latex/l3kernel/expl3.sty
Package: expl3 2023-12-11 L3 programming layer (loader) 
(/Users/claywright/Library/TinyTeX/texmf-dist/tex/latex/l3backend/l3backend-pdftex.def
File: l3backend-pdftex.def 2023-11-09 L3 backend support: PDF output (pdfTeX)
\l__color_backend_stack_int=\count294
\l__pdf_internal_box=\box63
)) (/Users/claywright/Library/TinyTeX/texmf-dist/tex/latex/l3packages/l3keys2e/l3keys2e.sty
Package: l3keys2e 2023-10-10 LaTeX2e option processing using LaTeX3 keys
) (/Users/claywright/Library/TinyTeX/texmf-dist/tex/latex/chemgreek/chemgreek.sty (/Users/claywright/Library/TinyTeX/texmf-dist/tex/latex/l3packages/xparse/xparse.sty
Package: xparse 2023-10-10 L3 Experimental document command parser
)
Package: chemgreek 2020/01/16 v1.1a interface for upright Greek letters for use in chemistry (CN)
\l__chemgreek_tmpa_int=\count295
\g__chemgreek_tmpa_int=\count296
)
\l__mhchem_ce_distanceFromLastComma_int=\count297
\__mhchem_arrow_extPgfLength_skip=\skip64
\mhchem@minispace@tmp=\skip65
\mhchem@minibackspace@tmp=\skip66
\mhchem@bondwidth=\skip67
\mhchem@bondheight=\skip68
\mhchem@smallbondwidth@tmpA=\skip69
\mhchem@smallbondwidth@tmpB=\skip70
\mhchem@smallbondwidth=\skip71
\mhchem@bondtmp@minussidebearingleft=\skip72
\mhchem@bondtmp@minussidebearingright=\skip73
\l__mhchem_option_version_int=\count298
\mhchem@option@minusmathsidebearingleft=\dimen184
\mhchem@option@minusmathsidebearingright=\dimen185
\mhchem@option@minustextsidebearingleft=\dimen186
\mhchem@option@minustextsidebearingright=\dimen187

Package mhchem Warning: You did not specify a 'version' option for the mhchem
(mhchem)                package. Please write \usepackage[version=4]{mhchem}
(mhchem)                in your preamble (or any lower number for
(mhchem)                compatibility mode), because you might get slightly
(mhchem)                different output with the same input in future versions.

) (/Users/claywright/Library/TinyTeX/texmf-dist/tex/latex/natbib/natbib.sty
Package: natbib 2010/09/13 8.31b (PWD, AO)
\bibhang=\skip74
\bibsep=\skip75
LaTeX Info: Redefining \cite on input line 694.
\c@NAT@ctr=\count299
) (/Users/claywright/Library/TinyTeX/texmf-dist/tex/latex/bookmark/bookmark.sty
Package: bookmark 2023-12-10 v1.31 PDF bookmarks (HO)
(/Users/claywright/Library/TinyTeX/texmf-dist/tex/latex/hyperref/hyperref.sty
Package: hyperref 2023-11-26 v7.01g Hypertext links for LaTeX
(/Users/claywright/Library/TinyTeX/texmf-dist/tex/generic/infwarerr/infwarerr.sty
Package: infwarerr 2019/12/03 v1.5 Providing info/warning/error messages (HO)
) (/Users/claywright/Library/TinyTeX/texmf-dist/tex/generic/kvdefinekeys/kvdefinekeys.sty
Package: kvdefinekeys 2019-12-19 v1.6 Define keys (HO)
) (/Users/claywright/Library/TinyTeX/texmf-dist/tex/generic/pdfescape/pdfescape.sty
Package: pdfescape 2019/12/09 v1.15 Implements pdfTeX's escape features (HO)
(/Users/claywright/Library/TinyTeX/texmf-dist/tex/generic/pdftexcmds/pdftexcmds.sty
Package: pdftexcmds 2020-06-27 v0.33 Utility functions of pdfTeX for LuaTeX (HO)
Package pdftexcmds Info: \pdf@primitive is available.
Package pdftexcmds Info: \pdf@ifprimitive is available.
Package pdftexcmds Info: \pdfdraftmode found.
)) (/Users/claywright/Library/TinyTeX/texmf-dist/tex/latex/hycolor/hycolor.sty
Package: hycolor 2020-01-27 v1.10 Color options for hyperref/bookmark (HO)
) (/Users/claywright/Library/TinyTeX/texmf-dist/tex/latex/letltxmacro/letltxmacro.sty
Package: letltxmacro 2019/12/03 v1.6 Let assignment for LaTeX macros (HO)
) (/Users/claywright/Library/TinyTeX/texmf-dist/tex/latex/auxhook/auxhook.sty
Package: auxhook 2019-12-17 v1.6 Hooks for auxiliary files (HO)
) (/Users/claywright/Library/TinyTeX/texmf-dist/tex/latex/hyperref/nameref.sty
Package: nameref 2023-11-26 v2.56 Cross-referencing by name of section
(/Users/claywright/Library/TinyTeX/texmf-dist/tex/latex/refcount/refcount.sty
Package: refcount 2019/12/15 v3.6 Data extraction from label references (HO)
) (/Users/claywright/Library/TinyTeX/texmf-dist/tex/generic/gettitlestring/gettitlestring.sty
Package: gettitlestring 2019/12/15 v1.6 Cleanup title references (HO)
)
\c@section@level=\count300
)
\@linkdim=\dimen188
\Hy@linkcounter=\count301
\Hy@pagecounter=\count302
(/Users/claywright/Library/TinyTeX/texmf-dist/tex/latex/hyperref/pd1enc.def
File: pd1enc.def 2023-11-26 v7.01g Hyperref: PDFDocEncoding definition (HO)
Now handling font encoding PD1 ...
... no UTF-8 mapping file for font encoding PD1
) (/Users/claywright/Library/TinyTeX/texmf-dist/tex/generic/intcalc/intcalc.sty
Package: intcalc 2019/12/15 v1.3 Expandable calculations with integers (HO)
)
\Hy@SavedSpaceFactor=\count303
(/Users/claywright/Library/TinyTeX/texmf-dist/tex/latex/hyperref/puenc.def
File: puenc.def 2023-11-26 v7.01g Hyperref: PDF Unicode definition (HO)
Now handling font encoding PU ...
... no UTF-8 mapping file for font encoding PU
)
Package hyperref Info: Option `unicode' set `true' on input line 4064.
Package hyperref Info: Hyper figures OFF on input line 4181.
Package hyperref Info: Link nesting OFF on input line 4186.
Package hyperref Info: Hyper index ON on input line 4189.
Package hyperref Info: Plain pages OFF on input line 4196.
Package hyperref Info: Backreferencing OFF on input line 4201.
Package hyperref Info: Implicit mode ON; LaTeX internals redefined.
Package hyperref Info: Bookmarks ON on input line 4448.
\c@Hy@tempcnt=\count304
(/Users/claywright/Library/TinyTeX/texmf-dist/tex/latex/url/url.sty
\Urlmuskip=\muskip17
Package: url 2013/09/16  ver 3.4  Verb mode for urls, etc.
)
LaTeX Info: Redefining \url on input line 4786.
\XeTeXLinkMargin=\dimen189
(/Users/claywright/Library/TinyTeX/texmf-dist/tex/generic/bitset/bitset.sty
Package: bitset 2019/12/09 v1.3 Handle bit-vector datatype (HO)
(/Users/claywright/Library/TinyTeX/texmf-dist/tex/generic/bigintcalc/bigintcalc.sty
Package: bigintcalc 2019/12/15 v1.5 Expandable calculations on big integers (HO)
))
\Fld@menulength=\count305
\Field@Width=\dimen190
\Fld@charsize=\dimen191
Package hyperref Info: Hyper figures OFF on input line 6065.
Package hyperref Info: Link nesting OFF on input line 6070.
Package hyperref Info: Hyper index ON on input line 6073.
Package hyperref Info: backreferencing OFF on input line 6080.
Package hyperref Info: Link coloring OFF on input line 6085.
Package hyperref Info: Link coloring with OCG OFF on input line 6090.
Package hyperref Info: PDF/A mode OFF on input line 6095.
(/Users/claywright/Library/TinyTeX/texmf-dist/tex/latex/base/atbegshi-ltx.sty
Package: atbegshi-ltx 2021/01/10 v1.0c Emulation of the original atbegshi
package with kernel methods
)
\Hy@abspage=\count306
\c@Item=\count307
\c@Hfootnote=\count308
)
Package hyperref Info: Driver (autodetected): hpdftex.
(/Users/claywright/Library/TinyTeX/texmf-dist/tex/latex/hyperref/hpdftex.def
File: hpdftex.def 2023-11-26 v7.01g Hyperref driver for pdfTeX
(/Users/claywright/Library/TinyTeX/texmf-dist/tex/latex/base/atveryend-ltx.sty
Package: atveryend-ltx 2020/08/19 v1.0a Emulation of the original atveryend package
with kernel methods
)
\Fld@listcount=\count309
\c@bookmark@seq@number=\count310
(/Users/claywright/Library/TinyTeX/texmf-dist/tex/latex/rerunfilecheck/rerunfilecheck.sty
Package: rerunfilecheck 2022-07-10 v1.10 Rerun checks for auxiliary files (HO)
(/Users/claywright/Library/TinyTeX/texmf-dist/tex/generic/uniquecounter/uniquecounter.sty
Package: uniquecounter 2019/12/15 v1.4 Provide unlimited unique counter (HO)
)
Package uniquecounter Info: New unique counter `rerunfilecheck' on input line 285.
)
\Hy@SectionHShift=\skip76
) (/Users/claywright/Library/TinyTeX/texmf-dist/tex/latex/bookmark/bkm-pdftex.def
File: bkm-pdftex.def 2023-12-10 v1.31 bookmark driver for pdfTeX and luaTeX (HO)
\BKM@id=\count311
))
LaTeX Font Info:    Trying to load font information for T1+lmr on input line 126.
(/Users/claywright/Library/TinyTeX/texmf-dist/tex/latex/lm/t1lmr.fd
File: t1lmr.fd 2015/05/01 v1.6.1 Font defs for Latin Modern
) (./Bioprocess_Engineering.aux)
\openout1 = `Bioprocess_Engineering.aux'.

LaTeX Font Info:    Checking defaults for OML/cmm/m/it on input line 126.
LaTeX Font Info:    ... okay on input line 126.
LaTeX Font Info:    Checking defaults for OMS/cmsy/m/n on input line 126.
LaTeX Font Info:    ... okay on input line 126.
LaTeX Font Info:    Checking defaults for OT1/cmr/m/n on input line 126.
LaTeX Font Info:    ... okay on input line 126.
LaTeX Font Info:    Checking defaults for T1/cmr/m/n on input line 126.
LaTeX Font Info:    ... okay on input line 126.
LaTeX Font Info:    Checking defaults for TS1/cmr/m/n on input line 126.
LaTeX Font Info:    ... okay on input line 126.
LaTeX Font Info:    Checking defaults for OMX/cmex/m/n on input line 126.
LaTeX Font Info:    ... okay on input line 126.
LaTeX Font Info:    Checking defaults for U/cmr/m/n on input line 126.
LaTeX Font Info:    ... okay on input line 126.
LaTeX Font Info:    Checking defaults for PD1/pdf/m/n on input line 126.
LaTeX Font Info:    ... okay on input line 126.
LaTeX Font Info:    Checking defaults for PU/pdf/m/n on input line 126.
LaTeX Font Info:    ... okay on input line 126.
LaTeX Info: Redefining \microtypecontext on input line 126.
Package microtype Info: Applying patch `item' on input line 126.
Package microtype Info: Applying patch `toc' on input line 126.
Package microtype Info: Applying patch `eqnum' on input line 126.
Package microtype Info: Applying patch `footnote' on input line 126.
Package microtype Info: Applying patch `verbatim' on input line 126.
Package microtype Info: Generating PDF output.
Package microtype Info: Character protrusion enabled (level 2).
Package microtype Info: Using protrusion set `basicmath'.
Package microtype Info: Automatic font expansion enabled (level 2),
(microtype)             stretch: 20, shrink: 20, step: 1, non-selected.
Package microtype Info: Using default expansion set `alltext-nott'.
LaTeX Info: Redefining \showhyphens on input line 126.
Package microtype Info: No adjustment of tracking.
Package microtype Info: No adjustment of interword spacing.
Package microtype Info: No adjustment of character kerning.
(/Users/claywright/Library/TinyTeX/texmf-dist/tex/latex/microtype/mt-cmr.cfg
File: mt-cmr.cfg 2013/05/19 v2.2 microtype config. file: Computer Modern Roman (RS)
) (/Users/claywright/Library/TinyTeX/texmf-dist/tex/latex/epstopdf-pkg/epstopdf-base.sty
Package: epstopdf-base 2020-01-24 v2.11 Base part for package epstopdf
Package epstopdf-base Info: Redefining graphics rule for `.eps' on input line 485.
(/Users/claywright/Library/TinyTeX/texmf-dist/tex/latex/latexconfig/epstopdf-sys.cfg
File: epstopdf-sys.cfg 2010/07/13 v1.3 Configuration of (r)epstopdf for TeX Live
))
*geometry* driver: auto-detecting
*geometry* detected driver: pdftex
*geometry* verbose mode - [ preamble ] result:
* driver: pdftex
* paper: <default>
* layout: <same size as paper>
* layoutoffset:(h,v)=(0.0pt,0.0pt)
* modes: 
* h-part:(L,W,R)=(72.26999pt, 469.75502pt, 72.26999pt)
* v-part:(T,H,B)=(72.26999pt, 650.43001pt, 72.26999pt)
* \paperwidth=614.295pt
* \paperheight=794.96999pt
* \textwidth=469.75502pt
* \textheight=650.43001pt
* \oddsidemargin=0.0pt
* \evensidemargin=0.0pt
* \topmargin=-37.0pt
* \headheight=12.0pt
* \headsep=25.0pt
* \topskip=10.0pt
* \footskip=30.0pt
* \marginparwidth=65.0pt
* \marginparsep=11.0pt
* \columnsep=10.0pt
* \skip\footins=9.0pt plus 4.0pt minus 2.0pt
* \hoffset=0.0pt
* \voffset=0.0pt
* \mag=1000
* \@twocolumnfalse
* \@twosidefalse
* \@mparswitchfalse
* \@reversemarginfalse
* (1in=72.27pt=25.4mm, 1cm=28.453pt)


Package chemgreek Info: Activating mapping `default' on line 126.

Package hyperref Info: Link coloring OFF on input line 126.
LaTeX Font Info:    Trying to load font information for OT1+lmr on input line 128.
(/Users/claywright/Library/TinyTeX/texmf-dist/tex/latex/lm/ot1lmr.fd
File: ot1lmr.fd 2015/05/01 v1.6.1 Font defs for Latin Modern
)
LaTeX Font Info:    Trying to load font information for OML+lmm on input line 128.
(/Users/claywright/Library/TinyTeX/texmf-dist/tex/latex/lm/omllmm.fd
File: omllmm.fd 2015/05/01 v1.6.1 Font defs for Latin Modern
)
LaTeX Font Info:    Trying to load font information for OMS+lmsy on input line 128.
(/Users/claywright/Library/TinyTeX/texmf-dist/tex/latex/lm/omslmsy.fd
File: omslmsy.fd 2015/05/01 v1.6.1 Font defs for Latin Modern
)
LaTeX Font Info:    Trying to load font information for OMX+lmex on input line 128.
(/Users/claywright/Library/TinyTeX/texmf-dist/tex/latex/lm/omxlmex.fd
File: omxlmex.fd 2015/05/01 v1.6.1 Font defs for Latin Modern
)
LaTeX Font Info:    External font `lmex10' loaded for size
(Font)              <12> on input line 128.
LaTeX Font Info:    External font `lmex10' loaded for size
(Font)              <8> on input line 128.
LaTeX Font Info:    External font `lmex10' loaded for size
(Font)              <6> on input line 128.
LaTeX Font Info:    Trying to load font information for U+msa on input line 128.
(/Users/claywright/Library/TinyTeX/texmf-dist/tex/latex/amsfonts/umsa.fd
File: umsa.fd 2013/01/14 v3.01 AMS symbols A
) (/Users/claywright/Library/TinyTeX/texmf-dist/tex/latex/microtype/mt-msa.cfg
File: mt-msa.cfg 2006/02/04 v1.1 microtype config. file: AMS symbols (a) (RS)
)
LaTeX Font Info:    Trying to load font information for U+msb on input line 128.
(/Users/claywright/Library/TinyTeX/texmf-dist/tex/latex/amsfonts/umsb.fd
File: umsb.fd 2013/01/14 v3.01 AMS symbols B
) (/Users/claywright/Library/TinyTeX/texmf-dist/tex/latex/microtype/mt-msb.cfg
File: mt-msb.cfg 2005/06/01 v1.0 microtype config. file: AMS symbols (b) (RS)
) (./Bioprocess_Engineering.toc
LaTeX Font Info:    External font `lmex10' loaded for size
(Font)              <10> on input line 2.
LaTeX Font Info:    External font `lmex10' loaded for size
(Font)              <7> on input line 2.
LaTeX Font Info:    External font `lmex10' loaded for size
(Font)              <5> on input line 2.
[1

{/Users/claywright/Library/TinyTeX/texmf-var/fonts/map/pdftex/updmap/pdftex.map}{/Users/claywright/Library/TinyTeX/texmf-dist/fonts/enc/dvips/lm/lm-ec.enc}])
\tf@toc=\write4
\openout4 = `Bioprocess_Engineering.toc'.

LaTeX Font Info:    Trying to load font information for TS1+lmr on input line 151.
(/Users/claywright/Library/TinyTeX/texmf-dist/tex/latex/lm/ts1lmr.fd
File: ts1lmr.fd 2015/05/01 v1.6.1 Font defs for Latin Modern
) [2{/Users/claywright/Library/TinyTeX/texmf-dist/fonts/enc/dvips/lm/lm-ts1.enc}]
Underfull \hbox (badness 10000) in paragraph at lines 236--238

 []

[3]
Overfull \hbox (0.11763pt too wide) in alignment at lines 278--298
 [] [] [] [] [] [] [] [] 
 []


Overfull \hbox (0.11763pt too wide) in alignment at lines 298--300
 [] [] [] [] [] [] [] [] 
 []


Overfull \hbox (0.11763pt too wide) in alignment at lines 300--306
 [] [] [] [] [] [] [] [] 
 []

[4{/Users/claywright/Library/TinyTeX/texmf-dist/fonts/enc/dvips/lm/lm-rm.enc}{/Users/claywright/Library/TinyTeX/texmf-dist/fonts/enc/dvips/lm/lm-mathsy.enc}{/Users/claywright/Library/TinyTeX/texmf-dist/fonts/enc/dvips/lm/lm-mathit.enc}{/Users/claywright/Library/TinyTeX/texmf-dist/fonts/enc/dvips/lm/lm-mathex.enc}] [5] [6] [7]
LaTeX Font Info:    Trying to load font information for T1+lmtt on input line 501.
(/Users/claywright/Library/TinyTeX/texmf-dist/tex/latex/lm/t1lmtt.fd
File: t1lmtt.fd 2015/05/01 v1.6.1 Font defs for Latin Modern
)
LaTeX Font Info:    Font shape `T1/lmtt/bx/n' in size <10> not available
(Font)              Font shape `T1/lmtt/b/n' tried instead on input line 502.
[8]
<Bioprocess_Engineering_files/figure-latex/unnamed-chunk-5-1.pdf, id=205, 469.755pt x 325.215pt>
File: Bioprocess_Engineering_files/figure-latex/unnamed-chunk-5-1.pdf Graphic file (type pdf)
<use Bioprocess_Engineering_files/figure-latex/unnamed-chunk-5-1.pdf>
Package pdftex.def Info: Bioprocess_Engineering_files/figure-latex/unnamed-chunk-5-1.pdf  used on input line 516.
(pdftex.def)             Requested size: 469.75386pt x 325.2142pt.
[9 <./Bioprocess_Engineering_files/figure-latex/unnamed-chunk-5-1.pdf>] [10] [11] [12]
<Bioprocess_Engineering_files/figure-latex/unnamed-chunk-8-1.pdf, id=245, 469.755pt x 325.215pt>
File: Bioprocess_Engineering_files/figure-latex/unnamed-chunk-8-1.pdf Graphic file (type pdf)
<use Bioprocess_Engineering_files/figure-latex/unnamed-chunk-8-1.pdf>
Package pdftex.def Info: Bioprocess_Engineering_files/figure-latex/unnamed-chunk-8-1.pdf  used on input line 679.
(pdftex.def)             Requested size: 469.75386pt x 325.2142pt.
[13]
LaTeX Font Info:    Trying to load font information for TS1+lmtt on input line 717.
(/Users/claywright/Library/TinyTeX/texmf-dist/tex/latex/lm/ts1lmtt.fd
File: ts1lmtt.fd 2015/05/01 v1.6.1 Font defs for Latin Modern
) [14 <./Bioprocess_Engineering_files/figure-latex/unnamed-chunk-8-1.pdf>]
<Bioprocess_Engineering_files/figure-latex/unnamed-chunk-10-1.pdf, id=264, 469.755pt x 325.215pt>
File: Bioprocess_Engineering_files/figure-latex/unnamed-chunk-10-1.pdf Graphic file (type pdf)
<use Bioprocess_Engineering_files/figure-latex/unnamed-chunk-10-1.pdf>
Package pdftex.def Info: Bioprocess_Engineering_files/figure-latex/unnamed-chunk-10-1.pdf  used on input line 730.
(pdftex.def)             Requested size: 469.75386pt x 325.2142pt.
<Bioprocess_Engineering_files/figure-latex/zero-order-1.pdf, id=265, 469.755pt x 325.215pt>
File: Bioprocess_Engineering_files/figure-latex/zero-order-1.pdf Graphic file (type pdf)
<use Bioprocess_Engineering_files/figure-latex/zero-order-1.pdf>
Package pdftex.def Info: Bioprocess_Engineering_files/figure-latex/zero-order-1.pdf  used on input line 758.
(pdftex.def)             Requested size: 469.75386pt x 325.2142pt.
[15 <./Bioprocess_Engineering_files/figure-latex/unnamed-chunk-10-1.pdf>] [16 <./Bioprocess_Engineering_files/figure-latex/zero-order-1.pdf>]
<Bioprocess_Engineering_files/figure-latex/second-order-1.pdf, id=290, 469.755pt x 325.215pt>
File: Bioprocess_Engineering_files/figure-latex/second-order-1.pdf Graphic file (type pdf)
<use Bioprocess_Engineering_files/figure-latex/second-order-1.pdf>
Package pdftex.def Info: Bioprocess_Engineering_files/figure-latex/second-order-1.pdf  used on input line 802.
(pdftex.def)             Requested size: 469.75386pt x 325.2142pt.
[17 <./Bioprocess_Engineering_files/figure-latex/second-order-1.pdf>]
<Bioprocess_Engineering_files/figure-latex/unnamed-chunk-14-1.pdf, id=301, 469.755pt x 325.215pt>
File: Bioprocess_Engineering_files/figure-latex/unnamed-chunk-14-1.pdf Graphic file (type pdf)
<use Bioprocess_Engineering_files/figure-latex/unnamed-chunk-14-1.pdf>
Package pdftex.def Info: Bioprocess_Engineering_files/figure-latex/unnamed-chunk-14-1.pdf  used on input line 869.
(pdftex.def)             Requested size: 469.75386pt x 325.2142pt.
[18] [19 <./Bioprocess_Engineering_files/figure-latex/unnamed-chunk-14-1.pdf>] [20]
<Bioprocess_Engineering_files/figure-latex/unnamed-chunk-15-1.pdf, id=324, 469.755pt x 325.215pt>
File: Bioprocess_Engineering_files/figure-latex/unnamed-chunk-15-1.pdf Graphic file (type pdf)
<use Bioprocess_Engineering_files/figure-latex/unnamed-chunk-15-1.pdf>
Package pdftex.def Info: Bioprocess_Engineering_files/figure-latex/unnamed-chunk-15-1.pdf  used on input line 938.
(pdftex.def)             Requested size: 469.75386pt x 325.2142pt.
<Bioprocess_Engineering_files/figure-latex/unnamed-chunk-16-1.pdf, id=325, 469.755pt x 325.215pt>
File: Bioprocess_Engineering_files/figure-latex/unnamed-chunk-16-1.pdf Graphic file (type pdf)
<use Bioprocess_Engineering_files/figure-latex/unnamed-chunk-16-1.pdf>
Package pdftex.def Info: Bioprocess_Engineering_files/figure-latex/unnamed-chunk-16-1.pdf  used on input line 949.
(pdftex.def)             Requested size: 469.75386pt x 325.2142pt.
[21 <./Bioprocess_Engineering_files/figure-latex/unnamed-chunk-15-1.pdf>]
<Bioprocess_Engineering_files/figure-latex/unnamed-chunk-17-1.pdf, id=338, 469.755pt x 325.215pt>
File: Bioprocess_Engineering_files/figure-latex/unnamed-chunk-17-1.pdf Graphic file (type pdf)
<use Bioprocess_Engineering_files/figure-latex/unnamed-chunk-17-1.pdf>
Package pdftex.def Info: Bioprocess_Engineering_files/figure-latex/unnamed-chunk-17-1.pdf  used on input line 964.
(pdftex.def)             Requested size: 469.75386pt x 325.2142pt.
[22 <./Bioprocess_Engineering_files/figure-latex/unnamed-chunk-16-1.pdf>] [23 <./Bioprocess_Engineering_files/figure-latex/unnamed-chunk-17-1.pdf>] [24] [25] [26]

LaTeX Font Warning: Font shape `T1/lmtt/bx/it' in size <10> not available
(Font)              Font shape `T1/lmtt/b/sl' tried instead on input line 1117.

[27]
<Bioprocess_Engineering_files/figure-latex/unnamed-chunk-21-1.pdf, id=400, 469.755pt x 325.215pt>
File: Bioprocess_Engineering_files/figure-latex/unnamed-chunk-21-1.pdf Graphic file (type pdf)
<use Bioprocess_Engineering_files/figure-latex/unnamed-chunk-21-1.pdf>
Package pdftex.def Info: Bioprocess_Engineering_files/figure-latex/unnamed-chunk-21-1.pdf  used on input line 1172.
(pdftex.def)             Requested size: 469.75386pt x 325.2142pt.
[28 <./Bioprocess_Engineering_files/figure-latex/unnamed-chunk-21-1.pdf>] [29]
<Bioprocess_Engineering_files/figure-latex/unnamed-chunk-23-1.pdf, id=414, 469.755pt x 325.215pt>
File: Bioprocess_Engineering_files/figure-latex/unnamed-chunk-23-1.pdf Graphic file (type pdf)
<use Bioprocess_Engineering_files/figure-latex/unnamed-chunk-23-1.pdf>
Package pdftex.def Info: Bioprocess_Engineering_files/figure-latex/unnamed-chunk-23-1.pdf  used on input line 1245.
(pdftex.def)             Requested size: 469.75386pt x 325.2142pt.
<Bioprocess_Engineering_files/figure-latex/unnamed-chunk-24-1.pdf, id=415, 469.755pt x 325.215pt>
File: Bioprocess_Engineering_files/figure-latex/unnamed-chunk-24-1.pdf Graphic file (type pdf)
<use Bioprocess_Engineering_files/figure-latex/unnamed-chunk-24-1.pdf>
Package pdftex.def Info: Bioprocess_Engineering_files/figure-latex/unnamed-chunk-24-1.pdf  used on input line 1256.
(pdftex.def)             Requested size: 469.75386pt x 325.2142pt.
[30 <./Bioprocess_Engineering_files/figure-latex/unnamed-chunk-23-1.pdf>]
Overfull \vbox (1.00192pt too high) detected at line 1285
 []

[31 <./Bioprocess_Engineering_files/figure-latex/unnamed-chunk-24-1.pdf>]
<Bioprocess_Engineering_files/figure-latex/unnamed-chunk-25-1.pdf, id=435, 469.755pt x 325.215pt>
File: Bioprocess_Engineering_files/figure-latex/unnamed-chunk-25-1.pdf Graphic file (type pdf)
<use Bioprocess_Engineering_files/figure-latex/unnamed-chunk-25-1.pdf>
Package pdftex.def Info: Bioprocess_Engineering_files/figure-latex/unnamed-chunk-25-1.pdf  used on input line 1287.
(pdftex.def)             Requested size: 469.75386pt x 325.2142pt.
[32 <./Bioprocess_Engineering_files/figure-latex/unnamed-chunk-25-1.pdf>] [33]
<Bioprocess_Engineering_files/figure-latex/unnamed-chunk-29-1.pdf, id=459, 469.755pt x 325.215pt>
File: Bioprocess_Engineering_files/figure-latex/unnamed-chunk-29-1.pdf Graphic file (type pdf)
<use Bioprocess_Engineering_files/figure-latex/unnamed-chunk-29-1.pdf>
Package pdftex.def Info: Bioprocess_Engineering_files/figure-latex/unnamed-chunk-29-1.pdf  used on input line 1420.
(pdftex.def)             Requested size: 469.75386pt x 325.2142pt.
[34]
<Bioprocess_Engineering_files/figure-latex/unnamed-chunk-31-1.pdf, id=465, 469.755pt x 325.215pt>
File: Bioprocess_Engineering_files/figure-latex/unnamed-chunk-31-1.pdf Graphic file (type pdf)
<use Bioprocess_Engineering_files/figure-latex/unnamed-chunk-31-1.pdf>
Package pdftex.def Info: Bioprocess_Engineering_files/figure-latex/unnamed-chunk-31-1.pdf  used on input line 1452.
(pdftex.def)             Requested size: 469.75386pt x 325.2142pt.
[35 <./Bioprocess_Engineering_files/figure-latex/unnamed-chunk-29-1.pdf>] [36 <./Bioprocess_Engineering_files/figure-latex/unnamed-chunk-31-1.pdf>]
<Bioprocess_Engineering_files/figure-latex/unnamed-chunk-33-1.pdf, id=488, 469.755pt x 325.215pt>
File: Bioprocess_Engineering_files/figure-latex/unnamed-chunk-33-1.pdf Graphic file (type pdf)
<use Bioprocess_Engineering_files/figure-latex/unnamed-chunk-33-1.pdf>
Package pdftex.def Info: Bioprocess_Engineering_files/figure-latex/unnamed-chunk-33-1.pdf  used on input line 1489.
(pdftex.def)             Requested size: 469.75386pt x 325.2142pt.
[37 <./Bioprocess_Engineering_files/figure-latex/unnamed-chunk-33-1.pdf>] [38] [39] [40] [41]
<Bioprocess_Engineering_files/figure-latex/unnamed-chunk-39-1.pdf, id=517, 469.755pt x 325.215pt>
File: Bioprocess_Engineering_files/figure-latex/unnamed-chunk-39-1.pdf Graphic file (type pdf)
<use Bioprocess_Engineering_files/figure-latex/unnamed-chunk-39-1.pdf>
Package pdftex.def Info: Bioprocess_Engineering_files/figure-latex/unnamed-chunk-39-1.pdf  used on input line 1843.
(pdftex.def)             Requested size: 469.75386pt x 325.2142pt.
[42] [43 <./Bioprocess_Engineering_files/figure-latex/unnamed-chunk-39-1.pdf>]
<Bioprocess_Engineering_files/figure-latex/unnamed-chunk-40-1.pdf, id=533, 469.755pt x 325.215pt>
File: Bioprocess_Engineering_files/figure-latex/unnamed-chunk-40-1.pdf Graphic file (type pdf)
<use Bioprocess_Engineering_files/figure-latex/unnamed-chunk-40-1.pdf>
Package pdftex.def Info: Bioprocess_Engineering_files/figure-latex/unnamed-chunk-40-1.pdf  used on input line 1874.
(pdftex.def)             Requested size: 469.75386pt x 325.2142pt.
[44 <./Bioprocess_Engineering_files/figure-latex/unnamed-chunk-40-1.pdf>] (./Bioprocess_Engineering.aux)
 ***********
LaTeX2e <2023-11-01>
L3 programming layer <2023-12-11>
 ***********
 ) 
Here is how much of TeX's memory you used:
 15889 strings out of 476115
 266879 string characters out of 5793223
 1948457 words of memory out of 5000000
 37247 multiletter control sequences out of 15000+600000
 640335 words of font info for 203 fonts, out of 8000000 for 9000
 14 hyphenation exceptions out of 8191
 77i,19n,100p,1095b,666s stack positions out of 10000i,1000n,20000p,200000b,200000s
</Users/claywright/Library/TinyTeX/texmf-dist/fonts/type1/public/lm/lmbx10.pfb></Users/claywright/Library/TinyTeX/texmf-dist/fonts/type1/public/lm/lmbx12.pfb></Users/claywright/Library/TinyTeX/texmf-dist/fonts/type1/public/lm/lmbxi10.pfb></Users/claywright/Library/TinyTeX/texmf-dist/fonts/type1/public/lm/lmex10.pfb></Users/claywright/Library/TinyTeX/texmf-dist/fonts/type1/public/lm/lmmi10.pfb></Users/claywright/Library/TinyTeX/texmf-dist/fonts/type1/public/lm/lmmi5.pfb></Users/claywright/Library/TinyTeX/texmf-dist/fonts/type1/public/lm/lmmi7.pfb></Users/claywright/Library/TinyTeX/texmf-dist/fonts/type1/public/lm/lmr10.pfb></Users/claywright/Library/TinyTeX/texmf-dist/fonts/type1/public/lm/lmr12.pfb></Users/claywright/Library/TinyTeX/texmf-dist/fonts/type1/public/lm/lmr17.pfb></Users/claywright/Library/TinyTeX/texmf-dist/fonts/type1/public/lm/lmr5.pfb></Users/claywright/Library/TinyTeX/texmf-dist/fonts/type1/public/lm/lmr7.pfb></Users/claywright/Library/TinyTeX/texmf-dist/fonts/type1/public/lm/lmri10.pfb></Users/claywright/Library/TinyTeX/texmf-dist/fonts/type1/public/lm/lmsy10.pfb></Users/claywright/Library/TinyTeX/texmf-dist/fonts/type1/public/lm/lmsy5.pfb></Users/claywright/Library/TinyTeX/texmf-dist/fonts/type1/public/lm/lmsy7.pfb></Users/claywright/Library/TinyTeX/texmf-dist/fonts/type1/public/lm/lmtk10.pfb></Users/claywright/Library/TinyTeX/texmf-dist/fonts/type1/public/lm/lmtko10.pfb></Users/claywright/Library/TinyTeX/texmf-dist/fonts/type1/public/lm/lmtt10.pfb></Users/claywright/Library/TinyTeX/texmf-dist/fonts/type1/public/lm/lmtti10.pfb></Users/claywright/Library/TinyTeX/texmf-dist/fonts/type1/public/amsfonts/symbols/msam10.pfb>
Output written on Bioprocess_Engineering.pdf (44 pages, 731374 bytes).
PDF statistics:
 854 PDF objects out of 1000 (max. 8388607)
 717 compressed objects within 8 object streams
 206 named destinations out of 1000 (max. 500000)
 41451 words of extra memory for PDF output out of 42996 (max. 10000000)

